test001.c:1: ƒGƒ‰[: `p' ‚ÍéŒ¾‚³‚ê‚Ä‚¢‚Ü‚¹‚ñ.
test001.c:1: error: syntax error before `;' token.
test001.c:5: error: syntax error before `;' token.
